<?xml version="1.0" encoding="UTF-8"?>
<!-- Generated by org.testng.reporters.JUnitReportReporter -->
<testsuite hostname="ChristyC" failures="0" tests="1" name="test.MonthDropDown" time="1.720" errors="0" timestamp="04 Jul 2023 00:18:29 GMT" skipped="0">
  <testcase classname="test.MonthDropDown" name="userRemovedAllItemsByToggleAll" time="1.720"/>
</testsuite> <!-- test.MonthDropDown -->
