<?xml version="1.0" encoding="UTF-8"?>
<!-- Generated by org.testng.reporters.JUnitReportReporter -->
<testsuite hostname="ChristyC" failures="0" tests="1" name="test.DuplicateTest" time="1.729" errors="0" timestamp="04 Jul 2023 00:01:57 GMT" skipped="0">
  <testcase classname="test.DuplicateTest" name="duplicateMessage" time="1.729"/>
</testsuite> <!-- test.DuplicateTest -->
