<?xml version="1.0" encoding="UTF-8"?>
<!-- Generated by org.testng.reporters.JUnitReportReporter -->
<testsuite hostname="ChristyC" failures="0" tests="1" name="test.MonthDropDown" time="1.686" errors="0" timestamp="05 Jul 2023 17:23:36 GMT" skipped="0">
  <testcase classname="test.MonthDropDown" name="userRemovedAllItemsByToggleAll" time="1.686"/>
</testsuite> <!-- test.MonthDropDown -->
