<?xml version="1.0" encoding="UTF-8"?>
<!-- Generated by org.testng.reporters.JUnitReportReporter -->
<testsuite hostname="ChristyC" failures="0" tests="1" name="test.AddCategoryTest" time="2.316" errors="0" timestamp="03 Jul 2023 23:38:37 GMT" skipped="0">
  <testcase classname="test.AddCategoryTest" name="userShouldBeAbletoClickToggleAll" time="2.316"/>
</testsuite> <!-- test.AddCategoryTest -->
